<?xml version="1.0" encoding="UTF-8"?>
<!-- Generated by org.testng.reporters.JUnitReportReporter -->
<testsuite hostname="NLPULTP7204778" failures="0" tests="1" name="tests.SoapXMLrequest" time="0.909" errors="0" timestamp="2024-04-11T21:01:16 IST" skipped="0">
  <testcase classname="tests.SoapXMLrequest" name="validatesoapXML" time="0.909"/>
  <system-out/>
</testsuite> <!-- tests.SoapXMLrequest -->
